conda activate mgmt_chain
(base) dswanagon@Davids-Laptop-7 ~ % conda activate mgmt_chain
(mgmt_chain) dswanagon@Davids-Laptop-7 ~ % python "/Users/dswanagon/Relational Lysis Github/8 - Shannon Limit/exp_shannon_1_Ingestion.py" \
    --mode A \ 
    --chunk_mb 50 \
    --log mode_b_log.csv


RELATIONAL LYSIS — PHASE 1 INGESTION
Mode: A
Chunk MB: 50
Log: mode_b_log.csv

Chunk      1 | Downloaded MB=      52.4 | RSS=   240.8 MB | Peak=   240.8 MB
Chunk      2 | Downloaded MB=     104.9 | RSS=   290.8 MB | Peak=   290.8 MB
Chunk      3 | Downloaded MB=     157.3 | RSS=   340.8 MB | Peak=   340.8 MB
Chunk      4 | Downloaded MB=     209.7 | RSS=   390.8 MB | Peak=   390.8 MB
Chunk      5 | Downloaded MB=     262.1 | RSS=   440.8 MB | Peak=   440.8 MB
Chunk      6 | Downloaded MB=     314.6 | RSS=   490.8 MB | Peak=   490.8 MB
Chunk      7 | Downloaded MB=     367.0 | RSS=   540.8 MB | Peak=   540.8 MB
Chunk      8 | Downloaded MB=     419.4 | RSS=   590.8 MB | Peak=   590.8 MB
Chunk      9 | Downloaded MB=     471.9 | RSS=   640.8 MB | Peak=   640.8 MB
Chunk     10 | Downloaded MB=     524.3 | RSS=   690.8 MB | Peak=   690.8 MB
Chunk     11 | Downloaded MB=     576.7 | RSS=   740.8 MB | Peak=   740.8 MB
Chunk     12 | Downloaded MB=     629.1 | RSS=   790.8 MB | Peak=   790.8 MB
Chunk     13 | Downloaded MB=     681.6 | RSS=   840.8 MB | Peak=   840.8 MB
Chunk     14 | Downloaded MB=     734.0 | RSS=   890.8 MB | Peak=   890.8 MB
Chunk     15 | Downloaded MB=     786.4 | RSS=   940.8 MB | Peak=   940.8 MB
Chunk     16 | Downloaded MB=     838.9 | RSS=   990.8 MB | Peak=   990.8 MB
Chunk     17 | Downloaded MB=     891.3 | RSS=  1040.8 MB | Peak=  1040.8 MB
Chunk     18 | Downloaded MB=     943.7 | RSS=  1089.0 MB | Peak=  1089.0 MB
Chunk     19 | Downloaded MB=     996.1 | RSS=  1052.7 MB | Peak=  1089.0 MB
Chunk     20 | Downloaded MB=    1048.6 | RSS=   770.9 MB | Peak=  1089.0 MB
Chunk     21 | Downloaded MB=    1101.0 | RSS=   821.0 MB | Peak=  1089.0 MB
Chunk     22 | Downloaded MB=    1153.4 | RSS=   871.0 MB | Peak=  1089.0 MB
Chunk     23 | Downloaded MB=    1205.9 | RSS=   921.0 MB | Peak=  1089.0 MB
Chunk     24 | Downloaded MB=    1258.3 | RSS=   969.1 MB | Peak=  1089.0 MB
Chunk     25 | Downloaded MB=    1310.7 | RSS=  1019.1 MB | Peak=  1089.0 MB
Chunk     26 | Downloaded MB=    1363.1 | RSS=  1069.1 MB | Peak=  1089.0 MB
Chunk     27 | Downloaded MB=    1415.6 | RSS=  1119.1 MB | Peak=  1119.1 MB
Chunk     28 | Downloaded MB=    1468.0 | RSS=  1169.1 MB | Peak=  1169.1 MB
Chunk     29 | Downloaded MB=    1520.4 | RSS=  1219.1 MB | Peak=  1219.1 MB
Chunk     30 | Downloaded MB=    1572.9 | RSS=  1269.1 MB | Peak=  1269.1 MB
Chunk     31 | Downloaded MB=    1625.3 | RSS=  1311.2 MB | Peak=  1311.2 MB
Chunk     32 | Downloaded MB=    1677.7 | RSS=  1359.2 MB | Peak=  1359.2 MB
Chunk     33 | Downloaded MB=    1730.2 | RSS=  1408.9 MB | Peak=  1408.9 MB
Chunk     34 | Downloaded MB=    1782.6 | RSS=  1458.9 MB | Peak=  1458.9 MB
Chunk     35 | Downloaded MB=    1835.0 | RSS=  1508.9 MB | Peak=  1508.9 MB
Chunk     36 | Downloaded MB=    1887.4 | RSS=  1554.8 MB | Peak=  1554.8 MB
Chunk     37 | Downloaded MB=    1939.9 | RSS=  1604.8 MB | Peak=  1604.8 MB
Chunk     38 | Downloaded MB=    1992.3 | RSS=  1654.6 MB | Peak=  1654.6 MB
Chunk     39 | Downloaded MB=    2044.7 | RSS=  1704.5 MB | Peak=  1704.5 MB
Chunk     40 | Downloaded MB=    2097.2 | RSS=  1754.5 MB | Peak=  1754.5 MB
Chunk     41 | Downloaded MB=    2149.6 | RSS=  1804.5 MB | Peak=  1804.5 MB
Chunk     42 | Downloaded MB=    2202.0 | RSS=  1854.5 MB | Peak=  1854.5 MB
Chunk     43 | Downloaded MB=    2254.4 | RSS=  1904.5 MB | Peak=  1904.5 MB
Chunk     44 | Downloaded MB=    2306.9 | RSS=  1954.5 MB | Peak=  1954.5 MB
Chunk     45 | Downloaded MB=    2359.3 | RSS=  2004.5 MB | Peak=  2004.5 MB
Chunk     46 | Downloaded MB=    2411.7 | RSS=  2048.3 MB | Peak=  2048.3 MB
Chunk     47 | Downloaded MB=    2464.2 | RSS=  2095.1 MB | Peak=  2095.1 MB
Chunk     48 | Downloaded MB=    2516.6 | RSS=  2142.4 MB | Peak=  2142.4 MB
Chunk     49 | Downloaded MB=    2569.0 | RSS=  2190.0 MB | Peak=  2190.0 MB
Chunk     50 | Downloaded MB=    2621.4 | RSS=  2235.2 MB | Peak=  2235.2 MB
Chunk     51 | Downloaded MB=    2673.9 | RSS=  2285.2 MB | Peak=  2285.2 MB
Chunk     52 | Downloaded MB=    2726.3 | RSS=  2335.2 MB | Peak=  2335.2 MB
Chunk     53 | Downloaded MB=    2778.7 | RSS=  2382.9 MB | Peak=  2382.9 MB
Chunk     54 | Downloaded MB=    2831.2 | RSS=  2432.9 MB | Peak=  2432.9 MB
Chunk     55 | Downloaded MB=    2883.6 | RSS=  2482.3 MB | Peak=  2482.3 MB
Chunk     56 | Downloaded MB=    2936.0 | RSS=  2532.3 MB | Peak=  2532.3 MB
Chunk     57 | Downloaded MB=    2988.4 | RSS=  2582.3 MB | Peak=  2582.3 MB
Chunk     58 | Downloaded MB=    3040.9 | RSS=  2628.8 MB | Peak=  2628.8 MB
Chunk     59 | Downloaded MB=    3093.3 | RSS=  2678.8 MB | Peak=  2678.8 MB
Chunk     60 | Downloaded MB=    3145.7 | RSS=  2728.3 MB | Peak=  2728.3 MB
Chunk     61 | Downloaded MB=    3198.2 | RSS=  2778.3 MB | Peak=  2778.3 MB
Chunk     62 | Downloaded MB=    3250.6 | RSS=  2828.3 MB | Peak=  2828.3 MB
Chunk     63 | Downloaded MB=    3303.0 | RSS=  2878.3 MB | Peak=  2878.3 MB
Chunk     64 | Downloaded MB=    3355.4 | RSS=  2832.7 MB | Peak=  2878.3 MB
Chunk     65 | Downloaded MB=    3407.9 | RSS=  2882.8 MB | Peak=  2882.8 MB
Chunk     66 | Downloaded MB=    3460.3 | RSS=  2866.4 MB | Peak=  2882.8 MB
Chunk     67 | Downloaded MB=    3512.7 | RSS=  2869.0 MB | Peak=  2882.8 MB
Chunk     68 | Downloaded MB=    3565.2 | RSS=  2867.7 MB | Peak=  2882.8 MB
Chunk     69 | Downloaded MB=    3617.6 | RSS=  2843.1 MB | Peak=  2882.8 MB
Chunk     70 | Downloaded MB=    3670.0 | RSS=  2818.5 MB | Peak=  2882.8 MB
Chunk     71 | Downloaded MB=    3722.4 | RSS=  2868.6 MB | Peak=  2882.8 MB
Chunk     72 | Downloaded MB=    3774.9 | RSS=  2828.8 MB | Peak=  2882.8 MB
Chunk     73 | Downloaded MB=    3827.3 | RSS=  2835.4 MB | Peak=  2882.8 MB
Chunk     74 | Downloaded MB=    3879.7 | RSS=  2834.2 MB | Peak=  2882.8 MB
Chunk     75 | Downloaded MB=    3932.2 | RSS=  2812.5 MB | Peak=  2882.8 MB
Chunk     76 | Downloaded MB=    3984.6 | RSS=  2846.6 MB | Peak=  2882.8 MB
Chunk     77 | Downloaded MB=    4037.0 | RSS=  2824.2 MB | Peak=  2882.8 MB
Chunk     78 | Downloaded MB=    4089.4 | RSS=  2823.8 MB | Peak=  2882.8 MB
Chunk     79 | Downloaded MB=    4141.9 | RSS=  2797.5 MB | Peak=  2882.8 MB
Chunk     80 | Downloaded MB=    4194.3 | RSS=  2778.5 MB | Peak=  2882.8 MB
Chunk     81 | Downloaded MB=    4246.7 | RSS=  2786.3 MB | Peak=  2882.8 MB
Chunk     82 | Downloaded MB=    4299.2 | RSS=  2755.0 MB | Peak=  2882.8 MB
Chunk     83 | Downloaded MB=    4351.6 | RSS=  2754.9 MB | Peak=  2882.8 MB
Chunk     84 | Downloaded MB=    4404.0 | RSS=  2750.5 MB | Peak=  2882.8 MB
Chunk     85 | Downloaded MB=    4456.4 | RSS=  2750.6 MB | Peak=  2882.8 MB
Chunk     86 | Downloaded MB=    4508.9 | RSS=  2753.0 MB | Peak=  2882.8 MB
Chunk     87 | Downloaded MB=    4561.3 | RSS=  2715.8 MB | Peak=  2882.8 MB
Chunk     88 | Downloaded MB=    4613.7 | RSS=  2761.4 MB | Peak=  2882.8 MB
Chunk     89 | Downloaded MB=    4666.2 | RSS=  2790.1 MB | Peak=  2882.8 MB
Chunk     90 | Downloaded MB=    4718.6 | RSS=  2797.6 MB | Peak=  2882.8 MB
Chunk     91 | Downloaded MB=    4771.0 | RSS=  2813.7 MB | Peak=  2882.8 MB
Chunk     92 | Downloaded MB=    4823.4 | RSS=  2811.5 MB | Peak=  2882.8 MB
Chunk     93 | Downloaded MB=    4875.9 | RSS=  2810.1 MB | Peak=  2882.8 MB
Chunk     94 | Downloaded MB=    4928.3 | RSS=  2757.6 MB | Peak=  2882.8 MB
Chunk     95 | Downloaded MB=    4980.7 | RSS=  2759.1 MB | Peak=  2882.8 MB
Chunk     96 | Downloaded MB=    5033.2 | RSS=  2651.0 MB | Peak=  2882.8 MB
Chunk     97 | Downloaded MB=    5085.6 | RSS=  2688.2 MB | Peak=  2882.8 MB
Chunk     98 | Downloaded MB=    5138.0 | RSS=  2698.8 MB | Peak=  2882.8 MB
Chunk     99 | Downloaded MB=    5190.5 | RSS=  2622.6 MB | Peak=  2882.8 MB
Chunk    100 | Downloaded MB=    5242.9 | RSS=  2638.7 MB | Peak=  2882.8 MB
Chunk    101 | Downloaded MB=    5295.3 | RSS=  2643.4 MB | Peak=  2882.8 MB
Chunk    102 | Downloaded MB=    5347.7 | RSS=  2615.4 MB | Peak=  2882.8 MB
Chunk    103 | Downloaded MB=    5400.2 | RSS=  2586.0 MB | Peak=  2882.8 MB
Chunk    104 | Downloaded MB=    5452.6 | RSS=  2523.0 MB | Peak=  2882.8 MB
Chunk    105 | Downloaded MB=    5505.0 | RSS=  2331.9 MB | Peak=  2882.8 MB
Chunk    106 | Downloaded MB=    5557.5 | RSS=  2381.9 MB | Peak=  2882.8 MB
Chunk    107 | Downloaded MB=    5609.9 | RSS=  2431.9 MB | Peak=  2882.8 MB
Chunk    108 | Downloaded MB=    5662.3 | RSS=  2422.0 MB | Peak=  2882.8 MB
Chunk    109 | Downloaded MB=    5714.7 | RSS=  2444.1 MB | Peak=  2882.8 MB
Chunk    110 | Downloaded MB=    5767.2 | RSS=  2433.5 MB | Peak=  2882.8 MB
Chunk    111 | Downloaded MB=    5819.6 | RSS=  2451.2 MB | Peak=  2882.8 MB
Chunk    112 | Downloaded MB=    5872.0 | RSS=  2441.8 MB | Peak=  2882.8 MB
Chunk    113 | Downloaded MB=    5924.5 | RSS=  2416.0 MB | Peak=  2882.8 MB
Chunk    114 | Downloaded MB=    5976.9 | RSS=  2430.9 MB | Peak=  2882.8 MB
Chunk    115 | Downloaded MB=    6029.3 | RSS=  2461.2 MB | Peak=  2882.8 MB
Chunk    116 | Downloaded MB=    6081.7 | RSS=  2424.2 MB | Peak=  2882.8 MB
Chunk    117 | Downloaded MB=    6134.2 | RSS=  2452.2 MB | Peak=  2882.8 MB
Chunk    118 | Downloaded MB=    6186.6 | RSS=  2469.2 MB | Peak=  2882.8 MB
Chunk    119 | Downloaded MB=    6239.0 | RSS=  2476.9 MB | Peak=  2882.8 MB
Chunk    120 | Downloaded MB=    6291.5 | RSS=  2493.7 MB | Peak=  2882.8 MB
Chunk    121 | Downloaded MB=    6343.9 | RSS=  2498.7 MB | Peak=  2882.8 MB
Chunk    122 | Downloaded MB=    6396.3 | RSS=  2463.8 MB | Peak=  2882.8 MB
Chunk    123 | Downloaded MB=    6448.7 | RSS=  2513.8 MB | Peak=  2882.8 MB
Chunk    124 | Downloaded MB=    6501.2 | RSS=  2523.9 MB | Peak=  2882.8 MB
Chunk    125 | Downloaded MB=    6553.6 | RSS=  2344.2 MB | Peak=  2882.8 MB
Chunk    126 | Downloaded MB=    6606.0 | RSS=  2330.8 MB | Peak=  2882.8 MB
Chunk    127 | Downloaded MB=    6658.5 | RSS=  2299.5 MB | Peak=  2882.8 MB
Chunk    128 | Downloaded MB=    6710.9 | RSS=  2349.5 MB | Peak=  2882.8 MB
Chunk    129 | Downloaded MB=    6763.3 | RSS=  2399.6 MB | Peak=  2882.8 MB
Chunk    130 | Downloaded MB=    6815.7 | RSS=  2449.6 MB | Peak=  2882.8 MB
Chunk    131 | Downloaded MB=    6868.2 | RSS=  2498.3 MB | Peak=  2882.8 MB
Chunk    132 | Downloaded MB=    6920.6 | RSS=  2547.8 MB | Peak=  2882.8 MB
Chunk    133 | Downloaded MB=    6973.0 | RSS=  2530.6 MB | Peak=  2882.8 MB
Chunk    134 | Downloaded MB=    7025.5 | RSS=  2520.7 MB | Peak=  2882.8 MB
Chunk    135 | Downloaded MB=    7077.9 | RSS=  2524.8 MB | Peak=  2882.8 MB
Chunk    136 | Downloaded MB=    7130.3 | RSS=  2528.4 MB | Peak=  2882.8 MB
Chunk    137 | Downloaded MB=    7182.7 | RSS=  2536.9 MB | Peak=  2882.8 MB
Chunk    138 | Downloaded MB=    7235.2 | RSS=  2579.3 MB | Peak=  2882.8 MB
Chunk    139 | Downloaded MB=    7287.6 | RSS=  2582.6 MB | Peak=  2882.8 MB
Chunk    140 | Downloaded MB=    7340.0 | RSS=  2587.9 MB | Peak=  2882.8 MB
Chunk    141 | Downloaded MB=    7392.5 | RSS=  2584.0 MB | Peak=  2882.8 MB
Chunk    142 | Downloaded MB=    7444.9 | RSS=  2604.8 MB | Peak=  2882.8 MB
Chunk    143 | Downloaded MB=    7497.3 | RSS=  2579.0 MB | Peak=  2882.8 MB
Chunk    144 | Downloaded MB=    7549.7 | RSS=  2594.5 MB | Peak=  2882.8 MB
Chunk    145 | Downloaded MB=    7602.2 | RSS=  2595.9 MB | Peak=  2882.8 MB
Chunk    146 | Downloaded MB=    7654.6 | RSS=  2645.2 MB | Peak=  2882.8 MB
Chunk    147 | Downloaded MB=    7707.0 | RSS=  2660.4 MB | Peak=  2882.8 MB
Chunk    148 | Downloaded MB=    7759.5 | RSS=  2648.4 MB | Peak=  2882.8 MB
Chunk    149 | Downloaded MB=    7811.9 | RSS=  2659.2 MB | Peak=  2882.8 MB
Chunk    150 | Downloaded MB=    7864.3 | RSS=  2664.4 MB | Peak=  2882.8 MB
Chunk    151 | Downloaded MB=    7916.7 | RSS=  2687.4 MB | Peak=  2882.8 MB
Chunk    152 | Downloaded MB=    7969.2 | RSS=  2709.4 MB | Peak=  2882.8 MB
Chunk    153 | Downloaded MB=    8021.6 | RSS=  2759.5 MB | Peak=  2882.8 MB
Chunk    154 | Downloaded MB=    8074.0 | RSS=  2809.5 MB | Peak=  2882.8 MB
Chunk    155 | Downloaded MB=    8126.5 | RSS=  2843.6 MB | Peak=  2882.8 MB
Chunk    156 | Downloaded MB=    8178.9 | RSS=  2888.4 MB | Peak=  2888.4 MB
Chunk    157 | Downloaded MB=    8231.3 | RSS=  2898.4 MB | Peak=  2898.4 MB
Chunk    158 | Downloaded MB=    8283.8 | RSS=  2866.5 MB | Peak=  2898.4 MB
Chunk    159 | Downloaded MB=    8336.2 | RSS=  2848.9 MB | Peak=  2898.4 MB
Chunk    160 | Downloaded MB=    8388.6 | RSS=  2898.9 MB | Peak=  2898.9 MB
Chunk    161 | Downloaded MB=    8441.0 | RSS=  2901.2 MB | Peak=  2901.2 MB
Chunk    162 | Downloaded MB=    8493.5 | RSS=  2927.4 MB | Peak=  2927.4 MB
Chunk    163 | Downloaded MB=    8545.9 | RSS=  2935.2 MB | Peak=  2935.2 MB
Chunk    164 | Downloaded MB=    8598.3 | RSS=  2967.9 MB | Peak=  2967.9 MB
Chunk    165 | Downloaded MB=    8650.8 | RSS=  3001.5 MB | Peak=  3001.5 MB
Chunk    166 | Downloaded MB=    8703.2 | RSS=  2991.5 MB | Peak=  3001.5 MB
Chunk    167 | Downloaded MB=    8755.6 | RSS=  2993.1 MB | Peak=  3001.5 MB
Chunk    168 | Downloaded MB=    8808.0 | RSS=  2974.5 MB | Peak=  3001.5 MB
Chunk    169 | Downloaded MB=    8860.5 | RSS=  2930.2 MB | Peak=  3001.5 MB
Chunk    170 | Downloaded MB=    8912.9 | RSS=  2945.7 MB | Peak=  3001.5 MB
Chunk    171 | Downloaded MB=    8965.3 | RSS=  2952.1 MB | Peak=  3001.5 MB
Chunk    172 | Downloaded MB=    9017.8 | RSS=  2943.0 MB | Peak=  3001.5 MB
Chunk    173 | Downloaded MB=    9070.2 | RSS=  2945.0 MB | Peak=  3001.5 MB
Chunk    174 | Downloaded MB=    9122.6 | RSS=  2940.4 MB | Peak=  3001.5 MB
Chunk    175 | Downloaded MB=    9175.0 | RSS=  2990.4 MB | Peak=  3001.5 MB
Chunk    176 | Downloaded MB=    9227.5 | RSS=  3015.7 MB | Peak=  3015.7 MB
Chunk    177 | Downloaded MB=    9279.9 | RSS=  3028.5 MB | Peak=  3028.5 MB
Chunk    178 | Downloaded MB=    9332.3 | RSS=  3064.2 MB | Peak=  3064.2 MB
Chunk    179 | Downloaded MB=    9384.8 | RSS=  3076.8 MB | Peak=  3076.8 MB
Chunk    180 | Downloaded MB=    9437.2 | RSS=  3056.8 MB | Peak=  3076.8 MB
Chunk    181 | Downloaded MB=    9489.6 | RSS=  3053.4 MB | Peak=  3076.8 MB
Chunk    182 | Downloaded MB=    9542.0 | RSS=  3041.9 MB | Peak=  3076.8 MB
Chunk    183 | Downloaded MB=    9594.5 | RSS=  3091.9 MB | Peak=  3091.9 MB
Chunk    184 | Downloaded MB=    9646.9 | RSS=  3076.5 MB | Peak=  3091.9 MB
Chunk    185 | Downloaded MB=    9699.3 | RSS=  3079.7 MB | Peak=  3091.9 MB
Chunk    186 | Downloaded MB=    9751.8 | RSS=  3102.7 MB | Peak=  3102.7 MB
Chunk    187 | Downloaded MB=    9804.2 | RSS=  3133.4 MB | Peak=  3133.4 MB
Chunk    188 | Downloaded MB=    9856.6 | RSS=  3102.2 MB | Peak=  3133.4 MB
Chunk    189 | Downloaded MB=    9909.0 | RSS=  3114.7 MB | Peak=  3133.4 MB
Chunk    190 | Downloaded MB=    9961.5 | RSS=  3093.1 MB | Peak=  3133.4 MB
Chunk    191 | Downloaded MB=   10013.9 | RSS=  3123.4 MB | Peak=  3133.4 MB
Chunk    192 | Downloaded MB=   10066.3 | RSS=  3113.4 MB | Peak=  3133.4 MB
Chunk    193 | Downloaded MB=   10118.8 | RSS=  3113.1 MB | Peak=  3133.4 MB
Chunk    194 | Downloaded MB=   10171.2 | RSS=  3091.1 MB | Peak=  3133.4 MB
Chunk    195 | Downloaded MB=   10223.6 | RSS=  3106.0 MB | Peak=  3133.4 MB
Chunk    196 | Downloaded MB=   10276.0 | RSS=  3088.1 MB | Peak=  3133.4 MB
Chunk    197 | Downloaded MB=   10328.5 | RSS=  3064.0 MB | Peak=  3133.4 MB
Chunk    198 | Downloaded MB=   10380.9 | RSS=  3069.3 MB | Peak=  3133.4 MB
Chunk    199 | Downloaded MB=   10433.3 | RSS=  3098.6 MB | Peak=  3133.4 MB
Chunk    200 | Downloaded MB=   10485.8 | RSS=  3112.3 MB | Peak=  3133.4 MB
Chunk    201 | Downloaded MB=   10538.2 | RSS=  3092.9 MB | Peak=  3133.4 MB
Chunk    202 | Downloaded MB=   10590.6 | RSS=  3090.9 MB | Peak=  3133.4 MB
Chunk    203 | Downloaded MB=   10643.0 | RSS=  3079.0 MB | Peak=  3133.4 MB
Chunk    204 | Downloaded MB=   10695.5 | RSS=  3101.6 MB | Peak=  3133.4 MB
Chunk    205 | Downloaded MB=   10747.9 | RSS=  3116.2 MB | Peak=  3133.4 MB
Chunk    206 | Downloaded MB=   10800.3 | RSS=  3116.2 MB | Peak=  3133.4 MB
Chunk    207 | Downloaded MB=   10852.8 | RSS=  3108.0 MB | Peak=  3133.4 MB
Chunk    208 | Downloaded MB=   10905.2 | RSS=  3086.8 MB | Peak=  3133.4 MB
Chunk    209 | Downloaded MB=   10957.6 | RSS=  3105.1 MB | Peak=  3133.4 MB
Chunk    210 | Downloaded MB=   11010.0 | RSS=  3112.5 MB | Peak=  3133.4 MB
Chunk    211 | Downloaded MB=   11062.5 | RSS=  3116.3 MB | Peak=  3133.4 MB
Chunk    212 | Downloaded MB=   11114.9 | RSS=  3097.0 MB | Peak=  3133.4 MB
Chunk    213 | Downloaded MB=   11167.3 | RSS=  3075.4 MB | Peak=  3133.4 MB
Chunk    214 | Downloaded MB=   11219.8 | RSS=  3085.7 MB | Peak=  3133.4 MB
Chunk    215 | Downloaded MB=   11272.2 | RSS=  3092.8 MB | Peak=  3133.4 MB
Chunk    216 | Downloaded MB=   11324.6 | RSS=  3099.7 MB | Peak=  3133.4 MB
Chunk    217 | Downloaded MB=   11377.0 | RSS=  3129.4 MB | Peak=  3133.4 MB
Chunk    218 | Downloaded MB=   11429.5 | RSS=  3091.6 MB | Peak=  3133.4 MB
Chunk    219 | Downloaded MB=   11481.9 | RSS=  3094.2 MB | Peak=  3133.4 MB
Chunk    220 | Downloaded MB=   11534.3 | RSS=  3078.6 MB | Peak=  3133.4 MB
Chunk    221 | Downloaded MB=   11586.8 | RSS=  3007.6 MB | Peak=  3133.4 MB
Chunk    222 | Downloaded MB=   11639.2 | RSS=  3057.6 MB | Peak=  3133.4 MB
Chunk    223 | Downloaded MB=   11691.6 | RSS=  3004.0 MB | Peak=  3133.4 MB
Chunk    224 | Downloaded MB=   11744.1 | RSS=  3008.1 MB | Peak=  3133.4 MB
Chunk    225 | Downloaded MB=   11796.5 | RSS=  3008.9 MB | Peak=  3133.4 MB
Chunk    226 | Downloaded MB=   11848.9 | RSS=  3023.6 MB | Peak=  3133.4 MB
Chunk    227 | Downloaded MB=   11901.3 | RSS=  3037.5 MB | Peak=  3133.4 MB
Chunk    228 | Downloaded MB=   11953.8 | RSS=  3045.5 MB | Peak=  3133.4 MB
Chunk    229 | Downloaded MB=   12006.2 | RSS=  3040.0 MB | Peak=  3133.4 MB
Chunk    230 | Downloaded MB=   12058.6 | RSS=  3007.1 MB | Peak=  3133.4 MB
Chunk    231 | Downloaded MB=   12111.1 | RSS=  3057.1 MB | Peak=  3133.4 MB
Chunk    232 | Downloaded MB=   12163.5 | RSS=  3037.5 MB | Peak=  3133.4 MB
Chunk    233 | Downloaded MB=   12215.9 | RSS=  3038.0 MB | Peak=  3133.4 MB
Chunk    234 | Downloaded MB=   12268.3 | RSS=  2994.3 MB | Peak=  3133.4 MB
Chunk    235 | Downloaded MB=   12320.8 | RSS=  3033.4 MB | Peak=  3133.4 MB
Chunk    236 | Downloaded MB=   12373.2 | RSS=  3018.8 MB | Peak=  3133.4 MB
Chunk    237 | Downloaded MB=   12425.6 | RSS=  3040.5 MB | Peak=  3133.4 MB
Chunk    238 | Downloaded MB=   12478.1 | RSS=  3021.5 MB | Peak=  3133.4 MB
Chunk    239 | Downloaded MB=   12530.5 | RSS=  3012.4 MB | Peak=  3133.4 MB
Chunk    240 | Downloaded MB=   12582.9 | RSS=  3035.8 MB | Peak=  3133.4 MB
Chunk    241 | Downloaded MB=   12635.3 | RSS=  3006.0 MB | Peak=  3133.4 MB
Chunk    242 | Downloaded MB=   12687.8 | RSS=  3007.3 MB | Peak=  3133.4 MB
Chunk    243 | Downloaded MB=   12740.2 | RSS=  2999.2 MB | Peak=  3133.4 MB
Chunk    244 | Downloaded MB=   12792.6 | RSS=  2970.0 MB | Peak=  3133.4 MB
Chunk    245 | Downloaded MB=   12845.1 | RSS=  2970.1 MB | Peak=  3133.4 MB
Chunk    246 | Downloaded MB=   12897.5 | RSS=  2996.1 MB | Peak=  3133.4 MB
Chunk    247 | Downloaded MB=   12949.9 | RSS=  2970.2 MB | Peak=  3133.4 MB
Chunk    248 | Downloaded MB=   13002.3 | RSS=  2968.7 MB | Peak=  3133.4 MB
Chunk    249 | Downloaded MB=   13054.8 | RSS=  2980.0 MB | Peak=  3133.4 MB
Chunk    250 | Downloaded MB=   13107.2 | RSS=  2996.9 MB | Peak=  3133.4 MB
Chunk    251 | Downloaded MB=   13159.6 | RSS=  2989.4 MB | Peak=  3133.4 MB
Chunk    252 | Downloaded MB=   13212.1 | RSS=  2979.1 MB | Peak=  3133.4 MB
Chunk    253 | Downloaded MB=   13264.5 | RSS=  3014.5 MB | Peak=  3133.4 MB
Chunk    254 | Downloaded MB=   13316.9 | RSS=  3010.7 MB | Peak=  3133.4 MB
Chunk    255 | Downloaded MB=   13369.3 | RSS=  3008.6 MB | Peak=  3133.4 MB
Chunk    256 | Downloaded MB=   13421.8 | RSS=  3000.9 MB | Peak=  3133.4 MB
Chunk    257 | Downloaded MB=   13474.2 | RSS=  2980.6 MB | Peak=  3133.4 MB
Chunk    258 | Downloaded MB=   13526.6 | RSS=  2991.2 MB | Peak=  3133.4 MB
Chunk    259 | Downloaded MB=   13579.1 | RSS=  3015.6 MB | Peak=  3133.4 MB
Chunk    260 | Downloaded MB=   13631.5 | RSS=  2956.4 MB | Peak=  3133.4 MB
Chunk    261 | Downloaded MB=   13683.9 | RSS=  2961.9 MB | Peak=  3133.4 MB
Chunk    262 | Downloaded MB=   13736.3 | RSS=  2974.2 MB | Peak=  3133.4 MB
Chunk    263 | Downloaded MB=   13788.8 | RSS=  2972.6 MB | Peak=  3133.4 MB
Chunk    264 | Downloaded MB=   13841.2 | RSS=  2992.8 MB | Peak=  3133.4 MB
Chunk    265 | Downloaded MB=   13893.6 | RSS=  2970.4 MB | Peak=  3133.4 MB
Chunk    266 | Downloaded MB=   13946.1 | RSS=  2982.4 MB | Peak=  3133.4 MB
Chunk    267 | Downloaded MB=   13998.5 | RSS=  2950.7 MB | Peak=  3133.4 MB
Chunk    268 | Downloaded MB=   14050.9 | RSS=  2952.2 MB | Peak=  3133.4 MB
Chunk    269 | Downloaded MB=   14103.3 | RSS=  2958.6 MB | Peak=  3133.4 MB
Chunk    270 | Downloaded MB=   14155.8 | RSS=  2967.9 MB | Peak=  3133.4 MB
Chunk    271 | Downloaded MB=   14208.2 | RSS=  2956.1 MB | Peak=  3133.4 MB
Chunk    272 | Downloaded MB=   14260.6 | RSS=  3006.1 MB | Peak=  3133.4 MB
Chunk    273 | Downloaded MB=   14313.1 | RSS=  3035.2 MB | Peak=  3133.4 MB
Chunk    274 | Downloaded MB=   14365.5 | RSS=  3013.8 MB | Peak=  3133.4 MB
Chunk    275 | Downloaded MB=   14417.9 | RSS=  3015.7 MB | Peak=  3133.4 MB
Chunk    276 | Downloaded MB=   14470.3 | RSS=  2994.5 MB | Peak=  3133.4 MB
Chunk    277 | Downloaded MB=   14522.8 | RSS=  3028.5 MB | Peak=  3133.4 MB
Chunk    278 | Downloaded MB=   14575.2 | RSS=  2988.4 MB | Peak=  3133.4 MB
Chunk    279 | Downloaded MB=   14627.6 | RSS=  2999.2 MB | Peak=  3133.4 MB
Chunk    280 | Downloaded MB=   14680.1 | RSS=  3017.8 MB | Peak=  3133.4 MB
Chunk    281 | Downloaded MB=   14732.5 | RSS=  2985.7 MB | Peak=  3133.4 MB
Chunk    282 | Downloaded MB=   14784.9 | RSS=  2989.5 MB | Peak=  3133.4 MB
Chunk    283 | Downloaded MB=   14837.4 | RSS=  2972.6 MB | Peak=  3133.4 MB
Chunk    284 | Downloaded MB=   14889.8 | RSS=  2994.2 MB | Peak=  3133.4 MB
Chunk    285 | Downloaded MB=   14942.2 | RSS=  3003.2 MB | Peak=  3133.4 MB
Chunk    286 | Downloaded MB=   14994.6 | RSS=  2984.0 MB | Peak=  3133.4 MB
Chunk    287 | Downloaded MB=   15047.1 | RSS=  2985.3 MB | Peak=  3133.4 MB
Chunk    288 | Downloaded MB=   15099.5 | RSS=  3005.5 MB | Peak=  3133.4 MB
Chunk    289 | Downloaded MB=   15151.9 | RSS=  2976.9 MB | Peak=  3133.4 MB
Chunk    290 | Downloaded MB=   15204.4 | RSS=  2984.6 MB | Peak=  3133.4 MB
Chunk    291 | Downloaded MB=   15256.8 | RSS=  2996.8 MB | Peak=  3133.4 MB
Chunk    292 | Downloaded MB=   15309.2 | RSS=  2952.1 MB | Peak=  3133.4 MB
Chunk    293 | Downloaded MB=   15361.6 | RSS=  2974.7 MB | Peak=  3133.4 MB
Chunk    294 | Downloaded MB=   15414.1 | RSS=  2983.7 MB | Peak=  3133.4 MB
Chunk    295 | Downloaded MB=   15466.5 | RSS=  2980.4 MB | Peak=  3133.4 MB
Chunk    296 | Downloaded MB=   15518.9 | RSS=  2971.9 MB | Peak=  3133.4 MB
Chunk    297 | Downloaded MB=   15571.4 | RSS=  2980.9 MB | Peak=  3133.4 MB
Chunk    298 | Downloaded MB=   15623.8 | RSS=  2949.9 MB | Peak=  3133.4 MB
Chunk    299 | Downloaded MB=   15676.2 | RSS=  2908.6 MB | Peak=  3133.4 MB
Chunk    300 | Downloaded MB=   15728.6 | RSS=  2958.6 MB | Peak=  3133.4 MB
Chunk    301 | Downloaded MB=   15781.1 | RSS=  2922.7 MB | Peak=  3133.4 MB
Chunk    302 | Downloaded MB=   15833.5 | RSS=  2928.7 MB | Peak=  3133.4 MB
Chunk    303 | Downloaded MB=   15885.9 | RSS=  2913.9 MB | Peak=  3133.4 MB
Chunk    304 | Downloaded MB=   15938.4 | RSS=  2932.1 MB | Peak=  3133.4 MB
Chunk    305 | Downloaded MB=   15990.8 | RSS=  2935.4 MB | Peak=  3133.4 MB
Chunk    306 | Downloaded MB=   16043.2 | RSS=  2904.5 MB | Peak=  3133.4 MB
Chunk    307 | Downloaded MB=   16095.6 | RSS=  2910.4 MB | Peak=  3133.4 MB
Chunk    308 | Downloaded MB=   16148.1 | RSS=  2911.2 MB | Peak=  3133.4 MB
Chunk    309 | Downloaded MB=   16200.5 | RSS=  2909.8 MB | Peak=  3133.4 MB
Chunk    310 | Downloaded MB=   16252.9 | RSS=  2868.3 MB | Peak=  3133.4 MB
Chunk    311 | Downloaded MB=   16305.4 | RSS=  2850.6 MB | Peak=  3133.4 MB
Chunk    312 | Downloaded MB=   16357.8 | RSS=  2873.9 MB | Peak=  3133.4 MB
Chunk    313 | Downloaded MB=   16410.2 | RSS=  2862.9 MB | Peak=  3133.4 MB
Chunk    314 | Downloaded MB=   16462.6 | RSS=  2841.0 MB | Peak=  3133.4 MB
Chunk    315 | Downloaded MB=   16515.1 | RSS=  2891.0 MB | Peak=  3133.4 MB
Chunk    316 | Downloaded MB=   16567.5 | RSS=  2941.0 MB | Peak=  3133.4 MB
Chunk    317 | Downloaded MB=   16619.9 | RSS=  2793.6 MB | Peak=  3133.4 MB
Chunk    318 | Downloaded MB=   16672.4 | RSS=  2788.4 MB | Peak=  3133.4 MB
Chunk    319 | Downloaded MB=   16724.8 | RSS=  2802.5 MB | Peak=  3133.4 MB
Chunk    320 | Downloaded MB=   16777.2 | RSS=  2817.8 MB | Peak=  3133.4 MB
Chunk    321 | Downloaded MB=   16829.6 | RSS=  2801.5 MB | Peak=  3133.4 MB
Chunk    322 | Downloaded MB=   16882.1 | RSS=  2828.2 MB | Peak=  3133.4 MB
Chunk    323 | Downloaded MB=   16934.5 | RSS=  2802.4 MB | Peak=  3133.4 MB
Chunk    324 | Downloaded MB=   16986.9 | RSS=  2835.6 MB | Peak=  3133.4 MB
Chunk    325 | Downloaded MB=   17039.4 | RSS=  2833.8 MB | Peak=  3133.4 MB
Chunk    326 | Downloaded MB=   17091.8 | RSS=  2857.8 MB | Peak=  3133.4 MB
Chunk    327 | Downloaded MB=   17144.2 | RSS=  2844.4 MB | Peak=  3133.4 MB
Chunk    328 | Downloaded MB=   17196.6 | RSS=  2851.1 MB | Peak=  3133.4 MB
Chunk    329 | Downloaded MB=   17249.1 | RSS=  2844.7 MB | Peak=  3133.4 MB
Chunk    330 | Downloaded MB=   17301.5 | RSS=  2852.0 MB | Peak=  3133.4 MB
Chunk    331 | Downloaded MB=   17353.9 | RSS=  2869.9 MB | Peak=  3133.4 MB
Chunk    332 | Downloaded MB=   17406.4 | RSS=  2854.9 MB | Peak=  3133.4 MB
Chunk    333 | Downloaded MB=   17458.8 | RSS=  2873.0 MB | Peak=  3133.4 MB
Chunk    334 | Downloaded MB=   17511.2 | RSS=  2849.1 MB | Peak=  3133.4 MB
Chunk    335 | Downloaded MB=   17563.6 | RSS=  2819.0 MB | Peak=  3133.4 MB
Chunk    336 | Downloaded MB=   17616.1 | RSS=  2815.8 MB | Peak=  3133.4 MB
Chunk    337 | Downloaded MB=   17668.5 | RSS=  2794.8 MB | Peak=  3133.4 MB
Chunk    338 | Downloaded MB=   17720.9 | RSS=  2759.4 MB | Peak=  3133.4 MB
Chunk    339 | Downloaded MB=   17773.4 | RSS=  2750.8 MB | Peak=  3133.4 MB
Chunk    340 | Downloaded MB=   17825.8 | RSS=  2755.4 MB | Peak=  3133.4 MB
Chunk    341 | Downloaded MB=   17878.2 | RSS=  2735.1 MB | Peak=  3133.4 MB
Chunk    342 | Downloaded MB=   17930.6 | RSS=  2688.4 MB | Peak=  3133.4 MB
Chunk    343 | Downloaded MB=   17983.1 | RSS=  2682.7 MB | Peak=  3133.4 MB
Chunk    344 | Downloaded MB=   18035.5 | RSS=  2658.9 MB | Peak=  3133.4 MB
Chunk    345 | Downloaded MB=   18087.9 | RSS=  2626.9 MB | Peak=  3133.4 MB
Chunk    346 | Downloaded MB=   18140.4 | RSS=  2610.4 MB | Peak=  3133.4 MB
Chunk    347 | Downloaded MB=   18192.8 | RSS=  2576.0 MB | Peak=  3133.4 MB
Chunk    348 | Downloaded MB=   18245.2 | RSS=  2553.0 MB | Peak=  3133.4 MB
Chunk    349 | Downloaded MB=   18297.7 | RSS=  2549.1 MB | Peak=  3133.4 MB
Chunk    350 | Downloaded MB=   18350.1 | RSS=  2534.7 MB | Peak=  3133.4 MB
Chunk    351 | Downloaded MB=   18402.5 | RSS=  2492.2 MB | Peak=  3133.4 MB
Chunk    352 | Downloaded MB=   18454.9 | RSS=  2482.3 MB | Peak=  3133.4 MB
Chunk    353 | Downloaded MB=   18507.4 | RSS=  2487.5 MB | Peak=  3133.4 MB
Chunk    354 | Downloaded MB=   18559.8 | RSS=  2509.2 MB | Peak=  3133.4 MB
Chunk    355 | Downloaded MB=   18612.2 | RSS=  2461.9 MB | Peak=  3133.4 MB
Chunk    356 | Downloaded MB=   18664.7 | RSS=  2444.7 MB | Peak=  3133.4 MB
Chunk    357 | Downloaded MB=   18717.1 | RSS=  2471.2 MB | Peak=  3133.4 MB
Chunk    358 | Downloaded MB=   18769.5 | RSS=  2498.4 MB | Peak=  3133.4 MB
Chunk    359 | Downloaded MB=   18821.9 | RSS=  2533.9 MB | Peak=  3133.4 MB
Chunk    360 | Downloaded MB=   18874.4 | RSS=  2554.9 MB | Peak=  3133.4 MB
Chunk    361 | Downloaded MB=   18926.8 | RSS=  2600.2 MB | Peak=  3133.4 MB
Chunk    362 | Downloaded MB=   18979.2 | RSS=  2541.7 MB | Peak=  3133.4 MB
Chunk    363 | Downloaded MB=   19031.7 | RSS=  2517.5 MB | Peak=  3133.4 MB
Chunk    364 | Downloaded MB=   19084.1 | RSS=  2481.5 MB | Peak=  3133.4 MB
Chunk    365 | Downloaded MB=   19136.5 | RSS=  2461.9 MB | Peak=  3133.4 MB
Chunk    366 | Downloaded MB=   19188.9 | RSS=  2432.6 MB | Peak=  3133.4 MB
Chunk    367 | Downloaded MB=   19241.4 | RSS=  2435.1 MB | Peak=  3133.4 MB
Chunk    368 | Downloaded MB=   19293.8 | RSS=  2437.2 MB | Peak=  3133.4 MB
Chunk    369 | Downloaded MB=   19346.2 | RSS=  2461.1 MB | Peak=  3133.4 MB
Chunk    370 | Downloaded MB=   19398.7 | RSS=  2447.4 MB | Peak=  3133.4 MB
Chunk    371 | Downloaded MB=   19451.1 | RSS=  2450.9 MB | Peak=  3133.4 MB
Chunk    372 | Downloaded MB=   19503.5 | RSS=  2461.8 MB | Peak=  3133.4 MB
Chunk    373 | Downloaded MB=   19555.9 | RSS=  2440.3 MB | Peak=  3133.4 MB
Chunk    374 | Downloaded MB=   19608.4 | RSS=  2454.7 MB | Peak=  3133.4 MB
Chunk    375 | Downloaded MB=   19660.8 | RSS=  2461.1 MB | Peak=  3133.4 MB
Chunk    376 | Downloaded MB=   19713.2 | RSS=  2456.1 MB | Peak=  3133.4 MB
Chunk    377 | Downloaded MB=   19765.7 | RSS=  2484.9 MB | Peak=  3133.4 MB
Chunk    378 | Downloaded MB=   19818.1 | RSS=  2478.8 MB | Peak=  3133.4 MB
Chunk    379 | Downloaded MB=   19870.5 | RSS=  2467.4 MB | Peak=  3133.4 MB
Chunk    380 | Downloaded MB=   19922.9 | RSS=  2421.4 MB | Peak=  3133.4 MB
Chunk    381 | Downloaded MB=   19975.4 | RSS=  2384.4 MB | Peak=  3133.4 MB
Chunk    382 | Downloaded MB=   20027.8 | RSS=  2301.4 MB | Peak=  3133.4 MB
Chunk    383 | Downloaded MB=   20080.2 | RSS=  2309.2 MB | Peak=  3133.4 MB
Chunk    384 | Downloaded MB=   20132.7 | RSS=  2342.1 MB | Peak=  3133.4 MB
Chunk    385 | Downloaded MB=   20185.1 | RSS=  2363.7 MB | Peak=  3133.4 MB
Chunk    386 | Downloaded MB=   20237.5 | RSS=  2378.9 MB | Peak=  3133.4 MB
Chunk    387 | Downloaded MB=   20289.9 | RSS=  2392.0 MB | Peak=  3133.4 MB
Chunk    388 | Downloaded MB=   20342.4 | RSS=  2415.9 MB | Peak=  3133.4 MB
Chunk    389 | Downloaded MB=   20394.8 | RSS=  2404.5 MB | Peak=  3133.4 MB
Chunk    390 | Downloaded MB=   20447.2 | RSS=  2405.3 MB | Peak=  3133.4 MB
Chunk    391 | Downloaded MB=   20499.7 | RSS=  2400.5 MB | Peak=  3133.4 MB
Chunk    392 | Downloaded MB=   20552.1 | RSS=  2387.9 MB | Peak=  3133.4 MB
Chunk    393 | Downloaded MB=   20604.5 | RSS=  2383.3 MB | Peak=  3133.4 MB
Chunk    394 | Downloaded MB=   20656.9 | RSS=  2424.7 MB | Peak=  3133.4 MB
Chunk    395 | Downloaded MB=   20709.4 | RSS=  2426.8 MB | Peak=  3133.4 MB
Chunk    396 | Downloaded MB=   20761.8 | RSS=  2419.4 MB | Peak=  3133.4 MB
Chunk    397 | Downloaded MB=   20814.2 | RSS=  2427.8 MB | Peak=  3133.4 MB
Chunk    398 | Downloaded MB=   20866.7 | RSS=  2421.8 MB | Peak=  3133.4 MB
Chunk    399 | Downloaded MB=   20919.1 | RSS=  2411.2 MB | Peak=  3133.4 MB
Chunk    400 | Downloaded MB=   20971.5 | RSS=  2460.5 MB | Peak=  3133.4 MB
Chunk    401 | Downloaded MB=   21023.9 | RSS=  2403.7 MB | Peak=  3133.4 MB
Chunk    402 | Downloaded MB=   21076.4 | RSS=  2353.9 MB | Peak=  3133.4 MB
Chunk    403 | Downloaded MB=   21128.8 | RSS=  2375.1 MB | Peak=  3133.4 MB
Chunk    404 | Downloaded MB=   21181.2 | RSS=  2425.1 MB | Peak=  3133.4 MB
Chunk    405 | Downloaded MB=   21233.7 | RSS=  2475.1 MB | Peak=  3133.4 MB
Chunk    406 | Downloaded MB=   21286.1 | RSS=  2525.1 MB | Peak=  3133.4 MB
Chunk    407 | Downloaded MB=   21338.5 | RSS=  2562.7 MB | Peak=  3133.4 MB
Chunk    408 | Downloaded MB=   21391.0 | RSS=  2590.3 MB | Peak=  3133.4 MB
Chunk    409 | Downloaded MB=   21443.4 | RSS=  2618.6 MB | Peak=  3133.4 MB
Chunk    410 | Downloaded MB=   21495.8 | RSS=  2625.2 MB | Peak=  3133.4 MB
Chunk    411 | Downloaded MB=   21548.2 | RSS=  2602.0 MB | Peak=  3133.4 MB
Chunk    412 | Downloaded MB=   21600.7 | RSS=  2615.1 MB | Peak=  3133.4 MB
Chunk    413 | Downloaded MB=   21653.1 | RSS=  2588.5 MB | Peak=  3133.4 MB
Chunk    414 | Downloaded MB=   21705.5 | RSS=  2603.2 MB | Peak=  3133.4 MB
Chunk    415 | Downloaded MB=   21758.0 | RSS=  2598.4 MB | Peak=  3133.4 MB
Chunk    416 | Downloaded MB=   21810.4 | RSS=  2615.9 MB | Peak=  3133.4 MB
Chunk    417 | Downloaded MB=   21862.8 | RSS=  2578.4 MB | Peak=  3133.4 MB
Chunk    418 | Downloaded MB=   21915.2 | RSS=  2571.3 MB | Peak=  3133.4 MB
Chunk    419 | Downloaded MB=   21967.7 | RSS=  2580.1 MB | Peak=  3133.4 MB
Chunk    420 | Downloaded MB=   22020.1 | RSS=  2577.5 MB | Peak=  3133.4 MB
Chunk    421 | Downloaded MB=   22072.5 | RSS=  2596.2 MB | Peak=  3133.4 MB
Chunk    422 | Downloaded MB=   22125.0 | RSS=  2593.7 MB | Peak=  3133.4 MB
Chunk    423 | Downloaded MB=   22177.4 | RSS=  2597.3 MB | Peak=  3133.4 MB
Chunk    424 | Downloaded MB=   22229.8 | RSS=  2604.9 MB | Peak=  3133.4 MB
Chunk    425 | Downloaded MB=   22282.2 | RSS=  2601.4 MB | Peak=  3133.4 MB
Chunk    426 | Downloaded MB=   22334.7 | RSS=  2637.7 MB | Peak=  3133.4 MB
Chunk    427 | Downloaded MB=   22387.1 | RSS=  2646.0 MB | Peak=  3133.4 MB
Chunk    428 | Downloaded MB=   22439.5 | RSS=  2672.5 MB | Peak=  3133.4 MB
Chunk    429 | Downloaded MB=   22492.0 | RSS=  2676.6 MB | Peak=  3133.4 MB
Chunk    430 | Downloaded MB=   22544.4 | RSS=  2707.5 MB | Peak=  3133.4 MB
Chunk    431 | Downloaded MB=   22596.8 | RSS=  2745.0 MB | Peak=  3133.4 MB
Chunk    432 | Downloaded MB=   22649.2 | RSS=  2747.2 MB | Peak=  3133.4 MB
Chunk    433 | Downloaded MB=   22701.7 | RSS=  2758.0 MB | Peak=  3133.4 MB
Chunk    434 | Downloaded MB=   22754.1 | RSS=  2802.8 MB | Peak=  3133.4 MB
Chunk    435 | Downloaded MB=   22806.5 | RSS=  2828.7 MB | Peak=  3133.4 MB
Chunk    436 | Downloaded MB=   22859.0 | RSS=  2850.2 MB | Peak=  3133.4 MB
Chunk    437 | Downloaded MB=   22911.4 | RSS=  2850.5 MB | Peak=  3133.4 MB
Chunk    438 | Downloaded MB=   22963.8 | RSS=  2886.1 MB | Peak=  3133.4 MB
Chunk    439 | Downloaded MB=   23016.2 | RSS=  2877.3 MB | Peak=  3133.4 MB
Chunk    440 | Downloaded MB=   23068.7 | RSS=  2880.8 MB | Peak=  3133.4 MB
Chunk    441 | Downloaded MB=   23121.1 | RSS=  2859.4 MB | Peak=  3133.4 MB
Chunk    442 | Downloaded MB=   23173.5 | RSS=  2891.4 MB | Peak=  3133.4 MB
Chunk    443 | Downloaded MB=   23226.0 | RSS=  2888.1 MB | Peak=  3133.4 MB
Chunk    444 | Downloaded MB=   23278.4 | RSS=  2880.3 MB | Peak=  3133.4 MB
Chunk    445 | Downloaded MB=   23330.8 | RSS=  2927.0 MB | Peak=  3133.4 MB
Chunk    446 | Downloaded MB=   23383.2 | RSS=  2948.4 MB | Peak=  3133.4 MB
Chunk    447 | Downloaded MB=   23435.7 | RSS=  2947.0 MB | Peak=  3133.4 MB
Chunk    448 | Downloaded MB=   23488.1 | RSS=  2955.5 MB | Peak=  3133.4 MB
Chunk    449 | Downloaded MB=   23540.5 | RSS=  2953.1 MB | Peak=  3133.4 MB
Chunk    450 | Downloaded MB=   23593.0 | RSS=  2946.0 MB | Peak=  3133.4 MB
Chunk    451 | Downloaded MB=   23645.4 | RSS=  2919.9 MB | Peak=  3133.4 MB
Chunk    452 | Downloaded MB=   23697.8 | RSS=  2913.4 MB | Peak=  3133.4 MB
Chunk    453 | Downloaded MB=   23750.2 | RSS=  2963.4 MB | Peak=  3133.4 MB
Chunk    454 | Downloaded MB=   23802.7 | RSS=  2927.0 MB | Peak=  3133.4 MB
Chunk    455 | Downloaded MB=   23855.1 | RSS=  2918.6 MB | Peak=  3133.4 MB
Chunk    456 | Downloaded MB=   23907.5 | RSS=  2920.7 MB | Peak=  3133.4 MB
Chunk    457 | Downloaded MB=   23960.0 | RSS=  2910.8 MB | Peak=  3133.4 MB
Chunk    458 | Downloaded MB=   24012.4 | RSS=  2927.6 MB | Peak=  3133.4 MB
Chunk    459 | Downloaded MB=   24064.8 | RSS=  2959.0 MB | Peak=  3133.4 MB
Chunk    460 | Downloaded MB=   24117.2 | RSS=  2974.5 MB | Peak=  3133.4 MB
Chunk    461 | Downloaded MB=   24169.7 | RSS=  2999.9 MB | Peak=  3133.4 MB
Chunk    462 | Downloaded MB=   24222.1 | RSS=  3002.7 MB | Peak=  3133.4 MB
Chunk    463 | Downloaded MB=   24274.5 | RSS=  3047.7 MB | Peak=  3133.4 MB
Chunk    464 | Downloaded MB=   24327.0 | RSS=  3084.4 MB | Peak=  3133.4 MB
Chunk    465 | Downloaded MB=   24379.4 | RSS=  3080.3 MB | Peak=  3133.4 MB
Chunk    466 | Downloaded MB=   24431.8 | RSS=  3053.7 MB | Peak=  3133.4 MB
Chunk    467 | Downloaded MB=   24484.2 | RSS=  3065.3 MB | Peak=  3133.4 MB
Chunk    468 | Downloaded MB=   24536.7 | RSS=  3032.4 MB | Peak=  3133.4 MB
Chunk    469 | Downloaded MB=   24589.1 | RSS=  3040.9 MB | Peak=  3133.4 MB
Chunk    470 | Downloaded MB=   24641.5 | RSS=  3030.3 MB | Peak=  3133.4 MB
Chunk    471 | Downloaded MB=   24694.0 | RSS=  3025.8 MB | Peak=  3133.4 MB
Chunk    472 | Downloaded MB=   24746.4 | RSS=  3048.3 MB | Peak=  3133.4 MB
Chunk    473 | Downloaded MB=   24798.8 | RSS=  3040.9 MB | Peak=  3133.4 MB
Chunk    474 | Downloaded MB=   24851.3 | RSS=  3067.0 MB | Peak=  3133.4 MB
Chunk    475 | Downloaded MB=   24903.7 | RSS=  3070.5 MB | Peak=  3133.4 MB
Chunk    476 | Downloaded MB=   24956.1 | RSS=  3091.2 MB | Peak=  3133.4 MB
Chunk    477 | Downloaded MB=   25008.5 | RSS=  3085.7 MB | Peak=  3133.4 MB
Chunk    478 | Downloaded MB=   25061.0 | RSS=  3108.1 MB | Peak=  3133.4 MB
Chunk    479 | Downloaded MB=   25113.4 | RSS=  3082.8 MB | Peak=  3133.4 MB
Chunk    480 | Downloaded MB=   25165.8 | RSS=  3074.1 MB | Peak=  3133.4 MB
Chunk    481 | Downloaded MB=   25218.3 | RSS=  3098.7 MB | Peak=  3133.4 MB
Chunk    482 | Downloaded MB=   25270.7 | RSS=  3077.2 MB | Peak=  3133.4 MB
Chunk    483 | Downloaded MB=   25323.1 | RSS=  3072.5 MB | Peak=  3133.4 MB
Chunk    484 | Downloaded MB=   25375.5 | RSS=  3071.1 MB | Peak=  3133.4 MB
Chunk    485 | Downloaded MB=   25428.0 | RSS=  3051.9 MB | Peak=  3133.4 MB
Chunk    486 | Downloaded MB=   25480.4 | RSS=  3066.9 MB | Peak=  3133.4 MB
Chunk    487 | Downloaded MB=   25532.8 | RSS=  3081.2 MB | Peak=  3133.4 MB
Chunk    488 | Downloaded MB=   25585.3 | RSS=  3050.9 MB | Peak=  3133.4 MB
Chunk    489 | Downloaded MB=   25637.7 | RSS=  3077.6 MB | Peak=  3133.4 MB
Chunk    490 | Downloaded MB=   25690.1 | RSS=  3075.6 MB | Peak=  3133.4 MB
Chunk    491 | Downloaded MB=   25742.5 | RSS=  3088.7 MB | Peak=  3133.4 MB
Chunk    492 | Downloaded MB=   25795.0 | RSS=  3093.2 MB | Peak=  3133.4 MB
Chunk    493 | Downloaded MB=   25847.4 | RSS=  3098.3 MB | Peak=  3133.4 MB
Chunk    494 | Downloaded MB=   25899.8 | RSS=  3121.4 MB | Peak=  3133.4 MB
Chunk    495 | Downloaded MB=   25952.3 | RSS=  3105.3 MB | Peak=  3133.4 MB
Chunk    496 | Downloaded MB=   26004.7 | RSS=  3072.0 MB | Peak=  3133.4 MB
Chunk    497 | Downloaded MB=   26057.1 | RSS=  3122.0 MB | Peak=  3133.4 MB
Chunk    498 | Downloaded MB=   26109.5 | RSS=  3118.8 MB | Peak=  3133.4 MB
Chunk    499 | Downloaded MB=   26162.0 | RSS=  3086.2 MB | Peak=  3133.4 MB
Chunk    500 | Downloaded MB=   26214.4 | RSS=  3081.4 MB | Peak=  3133.4 MB
Chunk    501 | Downloaded MB=   26266.8 | RSS=  3086.2 MB | Peak=  3133.4 MB
Chunk    502 | Downloaded MB=   26319.3 | RSS=  3079.1 MB | Peak=  3133.4 MB
Chunk    503 | Downloaded MB=   26371.7 | RSS=  3102.6 MB | Peak=  3133.4 MB
Chunk    504 | Downloaded MB=   26424.1 | RSS=  3122.0 MB | Peak=  3133.4 MB
Chunk    505 | Downloaded MB=   26476.5 | RSS=  3092.1 MB | Peak=  3133.4 MB
Chunk    506 | Downloaded MB=   26529.0 | RSS=  3078.2 MB | Peak=  3133.4 MB
Chunk    507 | Downloaded MB=   26581.4 | RSS=  3091.3 MB | Peak=  3133.4 MB
Chunk    508 | Downloaded MB=   26633.8 | RSS=  3102.5 MB | Peak=  3133.4 MB
Chunk    509 | Downloaded MB=   26686.3 | RSS=  3039.7 MB | Peak=  3133.4 MB
Chunk    510 | Downloaded MB=   26738.7 | RSS=  3047.2 MB | Peak=  3133.4 MB
Chunk    511 | Downloaded MB=   26791.1 | RSS=  3036.3 MB | Peak=  3133.4 MB
Chunk    512 | Downloaded MB=   26843.5 | RSS=  3048.5 MB | Peak=  3133.4 MB
Chunk    513 | Downloaded MB=   26896.0 | RSS=  3044.1 MB | Peak=  3133.4 MB
Chunk    514 | Downloaded MB=   26948.4 | RSS=  3051.0 MB | Peak=  3133.4 MB
Chunk    515 | Downloaded MB=   27000.8 | RSS=  3026.1 MB | Peak=  3133.4 MB
Chunk    516 | Downloaded MB=   27053.3 | RSS=  3022.3 MB | Peak=  3133.4 MB
Chunk    517 | Downloaded MB=   27105.7 | RSS=  3050.6 MB | Peak=  3133.4 MB
Chunk    518 | Downloaded MB=   27158.1 | RSS=  3051.3 MB | Peak=  3133.4 MB
Chunk    519 | Downloaded MB=   27210.5 | RSS=  3042.7 MB | Peak=  3133.4 MB
Chunk    520 | Downloaded MB=   27263.0 | RSS=  3060.0 MB | Peak=  3133.4 MB
Chunk    521 | Downloaded MB=   27315.4 | RSS=  3036.8 MB | Peak=  3133.4 MB
Chunk    522 | Downloaded MB=   27367.8 | RSS=  3066.8 MB | Peak=  3133.4 MB
Chunk    523 | Downloaded MB=   27420.3 | RSS=  3055.5 MB | Peak=  3133.4 MB
Chunk    524 | Downloaded MB=   27472.7 | RSS=  3062.6 MB | Peak=  3133.4 MB
Chunk    525 | Downloaded MB=   27525.1 | RSS=  3054.8 MB | Peak=  3133.4 MB
Chunk    526 | Downloaded MB=   27577.5 | RSS=  3046.8 MB | Peak=  3133.4 MB
Chunk    527 | Downloaded MB=   27630.0 | RSS=  3029.9 MB | Peak=  3133.4 MB
Chunk    528 | Downloaded MB=   27682.4 | RSS=  3050.3 MB | Peak=  3133.4 MB
Chunk    529 | Downloaded MB=   27734.8 | RSS=  3057.2 MB | Peak=  3133.4 MB
Chunk    530 | Downloaded MB=   27787.3 | RSS=  3055.0 MB | Peak=  3133.4 MB
Chunk    531 | Downloaded MB=   27839.7 | RSS=  3056.2 MB | Peak=  3133.4 MB
Chunk    532 | Downloaded MB=   27892.1 | RSS=  3040.5 MB | Peak=  3133.4 MB
Chunk    533 | Downloaded MB=   27944.6 | RSS=  3030.2 MB | Peak=  3133.4 MB
Chunk    534 | Downloaded MB=   27997.0 | RSS=  3000.8 MB | Peak=  3133.4 MB
Chunk    535 | Downloaded MB=   28049.4 | RSS=  3019.6 MB | Peak=  3133.4 MB
Chunk    536 | Downloaded MB=   28101.8 | RSS=  3020.4 MB | Peak=  3133.4 MB
Chunk    537 | Downloaded MB=   28154.3 | RSS=  3016.1 MB | Peak=  3133.4 MB
Chunk    538 | Downloaded MB=   28206.7 | RSS=  3026.4 MB | Peak=  3133.4 MB
Chunk    539 | Downloaded MB=   28259.1 | RSS=  3035.9 MB | Peak=  3133.4 MB
Chunk    540 | Downloaded MB=   28311.6 | RSS=  3042.7 MB | Peak=  3133.4 MB
Chunk    541 | Downloaded MB=   28364.0 | RSS=  3030.3 MB | Peak=  3133.4 MB
Chunk    542 | Downloaded MB=   28416.4 | RSS=  3011.6 MB | Peak=  3133.4 MB
Chunk    543 | Downloaded MB=   28468.8 | RSS=  3061.6 MB | Peak=  3133.4 MB
Chunk    544 | Downloaded MB=   28521.3 | RSS=  3038.7 MB | Peak=  3133.4 MB
Chunk    545 | Downloaded MB=   28573.7 | RSS=  3004.1 MB | Peak=  3133.4 MB
Chunk    546 | Downloaded MB=   28626.1 | RSS=  3054.1 MB | Peak=  3133.4 MB
Chunk    547 | Downloaded MB=   28678.6 | RSS=  3010.1 MB | Peak=  3133.4 MB
Chunk    548 | Downloaded MB=   28731.0 | RSS=  3022.5 MB | Peak=  3133.4 MB
Chunk    549 | Downloaded MB=   28783.4 | RSS=  3032.6 MB | Peak=  3133.4 MB
Chunk    550 | Downloaded MB=   28835.8 | RSS=  3030.5 MB | Peak=  3133.4 MB
Chunk    551 | Downloaded MB=   28888.3 | RSS=  3021.2 MB | Peak=  3133.4 MB
Chunk    552 | Downloaded MB=   28940.7 | RSS=  3018.2 MB | Peak=  3133.4 MB
Chunk    553 | Downloaded MB=   28993.1 | RSS=  3014.4 MB | Peak=  3133.4 MB
Chunk    554 | Downloaded MB=   29045.6 | RSS=  3033.4 MB | Peak=  3133.4 MB
Chunk    555 | Downloaded MB=   29098.0 | RSS=  3034.8 MB | Peak=  3133.4 MB
Chunk    556 | Downloaded MB=   29150.4 | RSS=  3034.2 MB | Peak=  3133.4 MB
Chunk    557 | Downloaded MB=   29202.8 | RSS=  3048.0 MB | Peak=  3133.4 MB
Chunk    558 | Downloaded MB=   29255.3 | RSS=  3017.0 MB | Peak=  3133.4 MB
Chunk    559 | Downloaded MB=   29307.7 | RSS=  3006.6 MB | Peak=  3133.4 MB
Chunk    560 | Downloaded MB=   29360.1 | RSS=  2977.9 MB | Peak=  3133.4 MB
Chunk    561 | Downloaded MB=   29412.6 | RSS=  3005.4 MB | Peak=  3133.4 MB
Chunk    562 | Downloaded MB=   29465.0 | RSS=  3053.6 MB | Peak=  3133.4 MB
Chunk    563 | Downloaded MB=   29517.4 | RSS=  3052.4 MB | Peak=  3133.4 MB
Chunk    564 | Downloaded MB=   29569.8 | RSS=  3056.2 MB | Peak=  3133.4 MB
Chunk    565 | Downloaded MB=   29622.3 | RSS=  3052.6 MB | Peak=  3133.4 MB
Chunk    566 | Downloaded MB=   29674.7 | RSS=  3066.3 MB | Peak=  3133.4 MB
Chunk    567 | Downloaded MB=   29727.1 | RSS=  3034.1 MB | Peak=  3133.4 MB
Chunk    568 | Downloaded MB=   29779.6 | RSS=  3059.6 MB | Peak=  3133.4 MB
Chunk    569 | Downloaded MB=   29832.0 | RSS=  3077.0 MB | Peak=  3133.4 MB
Chunk    570 | Downloaded MB=   29884.4 | RSS=  3076.2 MB | Peak=  3133.4 MB
Chunk    571 | Downloaded MB=   29936.8 | RSS=  3083.0 MB | Peak=  3133.4 MB
Chunk    572 | Downloaded MB=   29989.3 | RSS=  3088.3 MB | Peak=  3133.4 MB
Chunk    573 | Downloaded MB=   30041.7 | RSS=  3090.5 MB | Peak=  3133.4 MB
Chunk    574 | Downloaded MB=   30094.1 | RSS=  3085.3 MB | Peak=  3133.4 MB
Chunk    575 | Downloaded MB=   30146.6 | RSS=  3078.1 MB | Peak=  3133.4 MB
Chunk    576 | Downloaded MB=   30199.0 | RSS=  3046.6 MB | Peak=  3133.4 MB
Chunk    577 | Downloaded MB=   30251.4 | RSS=  3096.6 MB | Peak=  3133.4 MB
Chunk    578 | Downloaded MB=   30303.8 | RSS=  3086.2 MB | Peak=  3133.4 MB
Chunk    579 | Downloaded MB=   30356.3 | RSS=  3090.3 MB | Peak=  3133.4 MB
Chunk    580 | Downloaded MB=   30408.7 | RSS=  3088.2 MB | Peak=  3133.4 MB
Chunk    581 | Downloaded MB=   30461.1 | RSS=  3101.6 MB | Peak=  3133.4 MB
Chunk    582 | Downloaded MB=   30513.6 | RSS=  3094.1 MB | Peak=  3133.4 MB
Chunk    583 | Downloaded MB=   30566.0 | RSS=  3109.9 MB | Peak=  3133.4 MB
Chunk    584 | Downloaded MB=   30618.4 | RSS=  3088.1 MB | Peak=  3133.4 MB
Chunk    585 | Downloaded MB=   30670.8 | RSS=  3100.2 MB | Peak=  3133.4 MB
Chunk    586 | Downloaded MB=   30723.3 | RSS=  3085.2 MB | Peak=  3133.4 MB
Chunk    587 | Downloaded MB=   30775.7 | RSS=  3068.3 MB | Peak=  3133.4 MB
Chunk    588 | Downloaded MB=   30828.1 | RSS=  3118.3 MB | Peak=  3133.4 MB
Chunk    589 | Downloaded MB=   30880.6 | RSS=  3113.6 MB | Peak=  3133.4 MB
Chunk    590 | Downloaded MB=   30933.0 | RSS=  3128.7 MB | Peak=  3133.4 MB
Chunk    591 | Downloaded MB=   30985.4 | RSS=  3114.5 MB | Peak=  3133.4 MB
Chunk    592 | Downloaded MB=   31037.8 | RSS=  3099.6 MB | Peak=  3133.4 MB
Chunk    593 | Downloaded MB=   31090.3 | RSS=  3104.5 MB | Peak=  3133.4 MB
Chunk    594 | Downloaded MB=   31142.7 | RSS=  3098.8 MB | Peak=  3133.4 MB
Chunk    595 | Downloaded MB=   31195.1 | RSS=  3036.2 MB | Peak=  3133.4 MB
Chunk    596 | Downloaded MB=   31247.6 | RSS=  3018.2 MB | Peak=  3133.4 MB
Chunk    597 | Downloaded MB=   31300.0 | RSS=  3021.5 MB | Peak=  3133.4 MB
Chunk    598 | Downloaded MB=   31352.4 | RSS=  3045.1 MB | Peak=  3133.4 MB
Chunk    599 | Downloaded MB=   31404.9 | RSS=  3045.7 MB | Peak=  3133.4 MB
Chunk    600 | Downloaded MB=   31457.3 | RSS=  3012.8 MB | Peak=  3133.4 MB
Chunk    601 | Downloaded MB=   31509.7 | RSS=  3030.9 MB | Peak=  3133.4 MB
Chunk    602 | Downloaded MB=   31562.1 | RSS=  3029.9 MB | Peak=  3133.4 MB
Chunk    603 | Downloaded MB=   31614.6 | RSS=  3020.1 MB | Peak=  3133.4 MB
Chunk    604 | Downloaded MB=   31667.0 | RSS=  2997.5 MB | Peak=  3133.4 MB
Chunk    605 | Downloaded MB=   31719.4 | RSS=  3001.6 MB | Peak=  3133.4 MB
Chunk    606 | Downloaded MB=   31771.9 | RSS=  2958.2 MB | Peak=  3133.4 MB
Chunk    607 | Downloaded MB=   31824.3 | RSS=  2976.7 MB | Peak=  3133.4 MB
Chunk    608 | Downloaded MB=   31876.7 | RSS=  2953.5 MB | Peak=  3133.4 MB
Chunk    609 | Downloaded MB=   31929.1 | RSS=  2867.2 MB | Peak=  3133.4 MB
Chunk    610 | Downloaded MB=   31981.6 | RSS=  2837.2 MB | Peak=  3133.4 MB
Chunk    611 | Downloaded MB=   32034.0 | RSS=  2832.1 MB | Peak=  3133.4 MB
Chunk    612 | Downloaded MB=   32086.4 | RSS=  2798.2 MB | Peak=  3133.4 MB
Chunk    613 | Downloaded MB=   32138.9 | RSS=  2757.3 MB | Peak=  3133.4 MB
Chunk    614 | Downloaded MB=   32191.3 | RSS=  2727.3 MB | Peak=  3133.4 MB
Chunk    615 | Downloaded MB=   32243.7 | RSS=  2737.2 MB | Peak=  3133.4 MB
Chunk    616 | Downloaded MB=   32296.1 | RSS=  2720.8 MB | Peak=  3133.4 MB
Chunk    617 | Downloaded MB=   32348.6 | RSS=  2710.3 MB | Peak=  3133.4 MB
Chunk    618 | Downloaded MB=   32401.0 | RSS=  2673.2 MB | Peak=  3133.4 MB
Chunk    619 | Downloaded MB=   32453.4 | RSS=  2672.9 MB | Peak=  3133.4 MB
Chunk    620 | Downloaded MB=   32505.9 | RSS=  2627.7 MB | Peak=  3133.4 MB
Chunk    621 | Downloaded MB=   32558.3 | RSS=  2612.7 MB | Peak=  3133.4 MB
Chunk    622 | Downloaded MB=   32610.7 | RSS=  2577.8 MB | Peak=  3133.4 MB
Chunk    623 | Downloaded MB=   32663.1 | RSS=  2535.5 MB | Peak=  3133.4 MB
Chunk    624 | Downloaded MB=   32715.6 | RSS=  2543.7 MB | Peak=  3133.4 MB
Chunk    625 | Downloaded MB=   32768.0 | RSS=  2562.8 MB | Peak=  3133.4 MB
Chunk    626 | Downloaded MB=   32820.4 | RSS=  2532.1 MB | Peak=  3133.4 MB
Chunk    627 | Downloaded MB=   32872.9 | RSS=  2530.4 MB | Peak=  3133.4 MB
Chunk    628 | Downloaded MB=   32925.3 | RSS=  2540.6 MB | Peak=  3133.4 MB
Chunk    629 | Downloaded MB=   32977.7 | RSS=  2526.0 MB | Peak=  3133.4 MB
Chunk    630 | Downloaded MB=   33030.1 | RSS=  2523.9 MB | Peak=  3133.4 MB
Chunk    631 | Downloaded MB=   33082.6 | RSS=  2533.6 MB | Peak=  3133.4 MB
Chunk    632 | Downloaded MB=   33135.0 | RSS=  2528.0 MB | Peak=  3133.4 MB
Chunk    633 | Downloaded MB=   33187.4 | RSS=  2525.5 MB | Peak=  3133.4 MB
Chunk    634 | Downloaded MB=   33239.9 | RSS=  2525.1 MB | Peak=  3133.4 MB
Chunk    635 | Downloaded MB=   33292.3 | RSS=  2566.9 MB | Peak=  3133.4 MB
Chunk    636 | Downloaded MB=   33344.7 | RSS=  2569.7 MB | Peak=  3133.4 MB
Chunk    637 | Downloaded MB=   33397.1 | RSS=  2574.5 MB | Peak=  3133.4 MB
Chunk    638 | Downloaded MB=   33449.6 | RSS=  2573.8 MB | Peak=  3133.4 MB
Chunk    639 | Downloaded MB=   33502.0 | RSS=  2586.5 MB | Peak=  3133.4 MB
Chunk    640 | Downloaded MB=   33554.4 | RSS=  2465.3 MB | Peak=  3133.4 MB
Chunk    641 | Downloaded MB=   33606.9 | RSS=  2476.5 MB | Peak=  3133.4 MB
Chunk    642 | Downloaded MB=   33659.3 | RSS=  2464.4 MB | Peak=  3133.4 MB
Chunk    643 | Downloaded MB=   33711.7 | RSS=  2498.3 MB | Peak=  3133.4 MB
Chunk    644 | Downloaded MB=   33764.1 | RSS=  2511.8 MB | Peak=  3133.4 MB
Chunk    645 | Downloaded MB=   33816.6 | RSS=  2501.5 MB | Peak=  3133.4 MB
Chunk    646 | Downloaded MB=   33869.0 | RSS=  2483.0 MB | Peak=  3133.4 MB
Chunk    647 | Downloaded MB=   33921.4 | RSS=  2434.6 MB | Peak=  3133.4 MB
Chunk    648 | Downloaded MB=   33973.9 | RSS=  2418.2 MB | Peak=  3133.4 MB
Chunk    649 | Downloaded MB=   34026.3 | RSS=  2379.4 MB | Peak=  3133.4 MB
Chunk    650 | Downloaded MB=   34078.7 | RSS=  2381.8 MB | Peak=  3133.4 MB
Chunk    651 | Downloaded MB=   34131.1 | RSS=  2392.8 MB | Peak=  3133.4 MB
Chunk    652 | Downloaded MB=   34183.6 | RSS=  2419.1 MB | Peak=  3133.4 MB
Chunk    653 | Downloaded MB=   34236.0 | RSS=  2434.1 MB | Peak=  3133.4 MB
Chunk    654 | Downloaded MB=   34288.4 | RSS=  2373.8 MB | Peak=  3133.4 MB
Chunk    655 | Downloaded MB=   34340.9 | RSS=  2418.4 MB | Peak=  3133.4 MB
Chunk    656 | Downloaded MB=   34393.3 | RSS=  2438.3 MB | Peak=  3133.4 MB
Chunk    657 | Downloaded MB=   34445.7 | RSS=  2397.5 MB | Peak=  3133.4 MB
Chunk    658 | Downloaded MB=   34498.2 | RSS=  2447.5 MB | Peak=  3133.4 MB
Chunk    659 | Downloaded MB=   34550.6 | RSS=  2469.5 MB | Peak=  3133.4 MB
Chunk    660 | Downloaded MB=   34603.0 | RSS=  2463.0 MB | Peak=  3133.4 MB
Chunk    661 | Downloaded MB=   34655.4 | RSS=  2426.5 MB | Peak=  3133.4 MB
Chunk    662 | Downloaded MB=   34707.9 | RSS=  2445.8 MB | Peak=  3133.4 MB
Chunk    663 | Downloaded MB=   34760.3 | RSS=  2460.0 MB | Peak=  3133.4 MB
Chunk    664 | Downloaded MB=   34812.7 | RSS=  2459.6 MB | Peak=  3133.4 MB
Chunk    665 | Downloaded MB=   34865.2 | RSS=  2494.2 MB | Peak=  3133.4 MB
Chunk    666 | Downloaded MB=   34917.6 | RSS=  2495.4 MB | Peak=  3133.4 MB
Chunk    667 | Downloaded MB=   34970.0 | RSS=  2504.9 MB | Peak=  3133.4 MB
Chunk    668 | Downloaded MB=   35022.4 | RSS=  2366.8 MB | Peak=  3133.4 MB
Chunk    669 | Downloaded MB=   35074.9 | RSS=  2374.1 MB | Peak=  3133.4 MB
Chunk    670 | Downloaded MB=   35127.3 | RSS=  2385.8 MB | Peak=  3133.4 MB
Chunk    671 | Downloaded MB=   35179.7 | RSS=  2422.5 MB | Peak=  3133.4 MB
Chunk    672 | Downloaded MB=   35232.2 | RSS=  2472.6 MB | Peak=  3133.4 MB
Chunk    673 | Downloaded MB=   35284.6 | RSS=  2522.6 MB | Peak=  3133.4 MB
Chunk    674 | Downloaded MB=   35337.0 | RSS=  2572.6 MB | Peak=  3133.4 MB
Chunk    675 | Downloaded MB=   35389.4 | RSS=  2622.6 MB | Peak=  3133.4 MB
Chunk    676 | Downloaded MB=   35441.9 | RSS=  2672.6 MB | Peak=  3133.4 MB
Chunk    677 | Downloaded MB=   35494.3 | RSS=  2678.7 MB | Peak=  3133.4 MB
Chunk    678 | Downloaded MB=   35546.7 | RSS=  2674.4 MB | Peak=  3133.4 MB
Chunk    679 | Downloaded MB=   35599.2 | RSS=  2677.8 MB | Peak=  3133.4 MB
Chunk    680 | Downloaded MB=   35651.6 | RSS=  2687.7 MB | Peak=  3133.4 MB
Chunk    681 | Downloaded MB=   35704.0 | RSS=  2685.1 MB | Peak=  3133.4 MB
Chunk    682 | Downloaded MB=   35756.4 | RSS=  2675.0 MB | Peak=  3133.4 MB
Chunk    683 | Downloaded MB=   35808.9 | RSS=  2659.3 MB | Peak=  3133.4 MB
Chunk    684 | Downloaded MB=   35861.3 | RSS=  2679.4 MB | Peak=  3133.4 MB
Chunk    685 | Downloaded MB=   35913.7 | RSS=  2680.8 MB | Peak=  3133.4 MB
Chunk    686 | Downloaded MB=   35966.2 | RSS=  2671.3 MB | Peak=  3133.4 MB
Chunk    687 | Downloaded MB=   36018.6 | RSS=  2695.2 MB | Peak=  3133.4 MB
Chunk    688 | Downloaded MB=   36071.0 | RSS=  2723.4 MB | Peak=  3133.4 MB
Chunk    689 | Downloaded MB=   36123.4 | RSS=  2743.8 MB | Peak=  3133.4 MB
Chunk    690 | Downloaded MB=   36175.9 | RSS=  2653.2 MB | Peak=  3133.4 MB
Chunk    691 | Downloaded MB=   36228.3 | RSS=  2664.9 MB | Peak=  3133.4 MB
Chunk    692 | Downloaded MB=   36280.7 | RSS=  2690.7 MB | Peak=  3133.4 MB
Chunk    693 | Downloaded MB=   36333.2 | RSS=  2686.4 MB | Peak=  3133.4 MB
Chunk    694 | Downloaded MB=   36385.6 | RSS=  2665.3 MB | Peak=  3133.4 MB
Chunk    695 | Downloaded MB=   36438.0 | RSS=  2636.6 MB | Peak=  3133.4 MB
Chunk    696 | Downloaded MB=   36490.4 | RSS=  2563.4 MB | Peak=  3133.4 MB
Chunk    697 | Downloaded MB=   36542.9 | RSS=  2539.3 MB | Peak=  3133.4 MB
Chunk    698 | Downloaded MB=   36595.3 | RSS=  2488.8 MB | Peak=  3133.4 MB
Chunk    699 | Downloaded MB=   36647.7 | RSS=  2422.3 MB | Peak=  3133.4 MB
Chunk    700 | Downloaded MB=   36700.2 | RSS=  2383.2 MB | Peak=  3133.4 MB
Chunk    701 | Downloaded MB=   36752.6 | RSS=  2374.1 MB | Peak=  3133.4 MB
Chunk    702 | Downloaded MB=   36805.0 | RSS=  2360.6 MB | Peak=  3133.4 MB
Chunk    703 | Downloaded MB=   36857.4 | RSS=  2309.5 MB | Peak=  3133.4 MB
Chunk    704 | Downloaded MB=   36909.9 | RSS=  2268.6 MB | Peak=  3133.4 MB
Chunk    705 | Downloaded MB=   36962.3 | RSS=  2173.2 MB | Peak=  3133.4 MB
Chunk    706 | Downloaded MB=   37014.7 | RSS=  2137.4 MB | Peak=  3133.4 MB
Chunk    707 | Downloaded MB=   37067.2 | RSS=  2111.1 MB | Peak=  3133.4 MB
Chunk    708 | Downloaded MB=   37119.6 | RSS=  2132.8 MB | Peak=  3133.4 MB
Chunk    709 | Downloaded MB=   37172.0 | RSS=  2149.2 MB | Peak=  3133.4 MB
Chunk    710 | Downloaded MB=   37224.4 | RSS=  2137.4 MB | Peak=  3133.4 MB
Chunk    711 | Downloaded MB=   37276.9 | RSS=  2138.1 MB | Peak=  3133.4 MB
Chunk    712 | Downloaded MB=   37329.3 | RSS=  2126.6 MB | Peak=  3133.4 MB
Chunk    713 | Downloaded MB=   37381.7 | RSS=  2133.1 MB | Peak=  3133.4 MB
Chunk    714 | Downloaded MB=   37434.2 | RSS=  2117.9 MB | Peak=  3133.4 MB
Chunk    715 | Downloaded MB=   37486.6 | RSS=  2084.5 MB | Peak=  3133.4 MB
Chunk    716 | Downloaded MB=   37539.0 | RSS=  2134.5 MB | Peak=  3133.4 MB
Chunk    717 | Downloaded MB=   37591.4 | RSS=  2123.3 MB | Peak=  3133.4 MB
Chunk    718 | Downloaded MB=   37643.9 | RSS=  2126.4 MB | Peak=  3133.4 MB
Chunk    719 | Downloaded MB=   37696.3 | RSS=  2129.5 MB | Peak=  3133.4 MB
Chunk    720 | Downloaded MB=   37748.7 | RSS=  2124.1 MB | Peak=  3133.4 MB
Chunk    721 | Downloaded MB=   37801.2 | RSS=  2099.2 MB | Peak=  3133.4 MB
Chunk    722 | Downloaded MB=   37853.6 | RSS=  2085.5 MB | Peak=  3133.4 MB
Chunk    723 | Downloaded MB=   37906.0 | RSS=  2079.8 MB | Peak=  3133.4 MB
Chunk    724 | Downloaded MB=   37958.5 | RSS=  2121.7 MB | Peak=  3133.4 MB
Chunk    725 | Downloaded MB=   38010.9 | RSS=  2141.5 MB | Peak=  3133.4 MB
Chunk    726 | Downloaded MB=   38063.3 | RSS=  2173.0 MB | Peak=  3133.4 MB
Chunk    727 | Downloaded MB=   38115.7 | RSS=  2203.8 MB | Peak=  3133.4 MB
Chunk    728 | Downloaded MB=   38168.2 | RSS=  2230.0 MB | Peak=  3133.4 MB
Chunk    729 | Downloaded MB=   38220.6 | RSS=  2211.7 MB | Peak=  3133.4 MB
Chunk    730 | Downloaded MB=   38273.0 | RSS=  2229.5 MB | Peak=  3133.4 MB
Chunk    731 | Downloaded MB=   38325.5 | RSS=  2239.1 MB | Peak=  3133.4 MB
Chunk    732 | Downloaded MB=   38377.9 | RSS=  2262.4 MB | Peak=  3133.4 MB
Chunk    733 | Downloaded MB=   38430.3 | RSS=  2265.9 MB | Peak=  3133.4 MB
Chunk    734 | Downloaded MB=   38482.7 | RSS=  2288.4 MB | Peak=  3133.4 MB
Chunk    735 | Downloaded MB=   38535.2 | RSS=  2331.5 MB | Peak=  3133.4 MB
Chunk    736 | Downloaded MB=   38587.6 | RSS=  2348.1 MB | Peak=  3133.4 MB
Chunk    737 | Downloaded MB=   38640.0 | RSS=  2356.4 MB | Peak=  3133.4 MB
Chunk    738 | Downloaded MB=   38692.5 | RSS=  2370.3 MB | Peak=  3133.4 MB
Chunk    739 | Downloaded MB=   38744.9 | RSS=  2374.0 MB | Peak=  3133.4 MB
Chunk    740 | Downloaded MB=   38797.3 | RSS=  2418.8 MB | Peak=  3133.4 MB
Chunk    741 | Downloaded MB=   38849.7 | RSS=  2445.3 MB | Peak=  3133.4 MB
Chunk    742 | Downloaded MB=   38902.2 | RSS=  2471.8 MB | Peak=  3133.4 MB
Chunk    743 | Downloaded MB=   38954.6 | RSS=  2513.2 MB | Peak=  3133.4 MB
Chunk    744 | Downloaded MB=   39007.0 | RSS=  2516.3 MB | Peak=  3133.4 MB
Chunk    745 | Downloaded MB=   39059.5 | RSS=  2566.3 MB | Peak=  3133.4 MB
Chunk    746 | Downloaded MB=   39111.9 | RSS=  2580.6 MB | Peak=  3133.4 MB
Chunk    747 | Downloaded MB=   39164.3 | RSS=  2613.9 MB | Peak=  3133.4 MB
Chunk    748 | Downloaded MB=   39216.7 | RSS=  2651.5 MB | Peak=  3133.4 MB
Chunk    749 | Downloaded MB=   39269.2 | RSS=  2666.9 MB | Peak=  3133.4 MB
Chunk    750 | Downloaded MB=   39321.6 | RSS=  2689.4 MB | Peak=  3133.4 MB
Chunk    751 | Downloaded MB=   39374.0 | RSS=  2739.4 MB | Peak=  3133.4 MB
Chunk    752 | Downloaded MB=   39426.5 | RSS=  2761.8 MB | Peak=  3133.4 MB
Chunk    753 | Downloaded MB=   39478.9 | RSS=  2802.3 MB | Peak=  3133.4 MB
Chunk    754 | Downloaded MB=   39531.3 | RSS=  2849.3 MB | Peak=  3133.4 MB
Chunk    755 | Downloaded MB=   39583.7 | RSS=  2855.2 MB | Peak=  3133.4 MB
Chunk    756 | Downloaded MB=   39636.2 | RSS=  2875.2 MB | Peak=  3133.4 MB
Chunk    757 | Downloaded MB=   39688.6 | RSS=  2907.7 MB | Peak=  3133.4 MB
Chunk    758 | Downloaded MB=   39741.0 | RSS=  2944.7 MB | Peak=  3133.4 MB
Chunk    759 | Downloaded MB=   39793.5 | RSS=  2972.2 MB | Peak=  3133.4 MB
Chunk    760 | Downloaded MB=   39845.9 | RSS=  2979.6 MB | Peak=  3133.4 MB
Chunk    761 | Downloaded MB=   39898.3 | RSS=  2993.6 MB | Peak=  3133.4 MB
Chunk    762 | Downloaded MB=   39950.7 | RSS=  2993.9 MB | Peak=  3133.4 MB
Chunk    763 | Downloaded MB=   40003.2 | RSS=  3009.0 MB | Peak=  3133.4 MB
Chunk    764 | Downloaded MB=   40055.6 | RSS=  3038.9 MB | Peak=  3133.4 MB
Chunk    765 | Downloaded MB=   40108.0 | RSS=  3031.7 MB | Peak=  3133.4 MB
Chunk    766 | Downloaded MB=   40160.5 | RSS=  3048.2 MB | Peak=  3133.4 MB
Chunk    767 | Downloaded MB=   40212.9 | RSS=  2971.1 MB | Peak=  3133.4 MB
Chunk    768 | Downloaded MB=   40265.3 | RSS=  3021.1 MB | Peak=  3133.4 MB
Chunk    769 | Downloaded MB=   40317.7 | RSS=  3028.7 MB | Peak=  3133.4 MB
Chunk    770 | Downloaded MB=   40370.2 | RSS=  2973.5 MB | Peak=  3133.4 MB
Chunk    771 | Downloaded MB=   40422.6 | RSS=  3023.5 MB | Peak=  3133.4 MB
Chunk    772 | Downloaded MB=   40475.0 | RSS=  3031.0 MB | Peak=  3133.4 MB
Chunk    773 | Downloaded MB=   40527.5 | RSS=  3025.8 MB | Peak=  3133.4 MB
Chunk    774 | Downloaded MB=   40579.9 | RSS=  3030.4 MB | Peak=  3133.4 MB
Chunk    775 | Downloaded MB=   40632.3 | RSS=  3023.7 MB | Peak=  3133.4 MB
Chunk    776 | Downloaded MB=   40684.7 | RSS=  3041.8 MB | Peak=  3133.4 MB
Chunk    777 | Downloaded MB=   40737.2 | RSS=  3055.6 MB | Peak=  3133.4 MB
Chunk    778 | Downloaded MB=   40789.6 | RSS=  3066.6 MB | Peak=  3133.4 MB
Chunk    779 | Downloaded MB=   40842.0 | RSS=  3050.3 MB | Peak=  3133.4 MB
Chunk    780 | Downloaded MB=   40894.5 | RSS=  3056.1 MB | Peak=  3133.4 MB
Chunk    781 | Downloaded MB=   40946.9 | RSS=  3066.2 MB | Peak=  3133.4 MB
Chunk    782 | Downloaded MB=   40999.3 | RSS=  3064.8 MB | Peak=  3133.4 MB
Chunk    783 | Downloaded MB=   41051.8 | RSS=  3057.5 MB | Peak=  3133.4 MB
zsh: killed     python  --mode A --chunk_mb 50 --log mode_b_log.csv
(mgmt_chain) dswanagon@Davids-Laptop-7 ~ % 