DIMENSIONAL RELATIONAL LYSIS STRESS TEST

--- 1D N = 32 ---
1D Gap: 153717778006/4000000552463
1D Scaled Gap: 39.35174573444012

--- 1D N = 64 ---
1D Gap: 77044366838/7999999334201
1D Scaled Gap: 39.446719104004266

--- 1D N = 128 ---
1D Gap: 38545399680/15999999269419
1D Scaled Gap: 39.47049107459443

--- 2D N = 8 ---
2D Gap: 585786618898/1000000309449
2D Scaled Gap: 37.49033200812625

--- 2D N = 12 ---
2D Gap: 214359254/799999627
2D Scaled Gap: 38.584683710108784

--- 2D N = 16 ---
2D Gap: 50746999699/333333473723
2D Scaled Gap: 38.97367935432644

--- 4D N = 4 ---
4D Gap: 2
4D Scaled Gap: 32.0

--- 4D N = 5 ---
4D Gap: 1727458375683/1250000623474
4D Scaled Gap: 34.54915028126246