INTEGER RAMBO TIER-1 YANG–MILLS UNIVERSAL ROSETTA

--- N = 32 ---
Linearity: True
SelfAdjoint: True
Positivity: True
RL Gap: 153717778006/4000000552463
Classical Gap: 153717778006/4000000552463
Gauge Gap: 153717778006/4000000552463
Weyl Exponent: 0.0
STATUS: PASS

--- N = 64 ---
Linearity: True
SelfAdjoint: True
Positivity: True
RL Gap: 77044366838/7999999334201
Classical Gap: 77044366838/7999999334201
Gauge Gap: 77044366838/7999999334201
Weyl Exponent: 0.0
STATUS: PASS

--- N = 128 ---
Linearity: True
SelfAdjoint: True
Positivity: True
RL Gap: 38545399680/15999999269419
Classical Gap: 38545399680/15999999269419
Gauge Gap: 38545399680/15999999269419
Weyl Exponent: 0.0
STATUS: PASS

===========================
FINAL VERDICT:
PASS — RL MASS GAP
PASS — CLASSICAL MASS GAP
PASS — GAUGE MASS GAP
PASS — WEYL
PASS — UNIVERSAL ROSETTA