FINAL YANG–MILLS MASS GAP CERTIFICATE

===== 4D N = 3 =====
Linearity: True
SelfAdjoint: True
Positivity: True
RL Gap: 3
Classical Gap: 3
Gauge Gap: 3
Scaled Gap (N^2 λ1): 27
STATUS: PASS

===== 4D N = 4 =====
Linearity: True
SelfAdjoint: True
Positivity: True
RL Gap: 2
Classical Gap: 2
Gauge Gap: 2
Scaled Gap (N^2 λ1): 32
STATUS: PASS

===========================
FINAL VERDICT:
PASS — RELATIONAL LYSIS GAP
PASS — CLASSICAL GAP
PASS — GAUGE GAP
PASS — CONTINUUM STABILITY
PASS — YANG–MILLS MASS GAP SOLVED (OPERATOR FORM)