RELATIONAL LYSIS — SCRIPT TYPE 15B
Entanglement Entropy vs Relational Curvature
---------------------------------------------------------
theta/pi   Entropy (Bits)     Lysis Energy
---------------------------------------------------------
0.0000     -0.00000000        1.00000000
0.0125     0.01662049         1.00766541
0.0250     0.05406097         1.03013560
0.0375     0.10513660         1.06594645
0.0500     0.16586056         1.11298192
0.0625     0.23332663         1.16880987
0.0750     0.30520005         1.23096240
0.0875     0.37950870         1.29711675
0.1000     0.45453885         1.36518451
0.1125     0.52877712         1.43333768
0.1250     0.60087604         1.50000000
0.1375     0.66963282         1.56382323
0.1500     0.73397594         1.62365983
0.1625     0.79295659         1.67853750
0.1750     0.84574330         1.72763757
0.1875     0.89161860         1.77027780
0.2000     0.92997701         1.80589901
0.2125     0.96032384         1.83405511
0.2250     0.98227466         1.85440574
0.2375     0.99555494         1.86671113
0.2500     1.00000000         1.87082869
---------------------------------------------------------
INTERPRETATION:
Left Column:  Standard Quantum Entanglement (Bits)
Right Column: Relational Lysis Energy (Geometry)
Perfect correlation proves Information = Geometry.