RELATIONAL LYSIS — SCRIPT TYPE 16
Mutual Information vs Relational Curvature
------------------------------------------------
theta/pi   Mutual Info I(A:B)   Lysis Energy
------------------------------------------------
  0.0000           0.00000000       1.00000000
  0.0125           0.03324097       1.00766541
  0.0250           0.10812193       1.03013560
  0.0375           0.21027319       1.06594645
  0.0500           0.33172112       1.11298192
  0.0625           0.46665326       1.16880987
  0.0750           0.61040009       1.23096240
  0.0875           0.75901740       1.29711675
  0.1000           0.90907770       1.36518451
  0.1125           1.05755423       1.43333768
  0.1250           1.20175207       1.50000000
  0.1375           1.33926565       1.56382323
  0.1500           1.46795188       1.62365983
  0.1625           1.58591317       1.67853750
  0.1750           1.69148660       1.72763757
  0.1875           1.78323720       1.77027780
  0.2000           1.85995401       1.80589901
  0.2125           1.92064768       1.83405511
  0.2250           1.96454931       1.85440574
  0.2375           1.99110988       1.86671113
  0.2500           2.00000000       1.87082869

INTERPRETATION:
If I(A:B) and Lysis Energy grow together,
correlation is geometric curvature.